<?xml version="1.0" encoding="UTF-8"?>
<coverage generated="1706298543255" clover="3.2.0">
  <project timestamp="1706298543255" name="All files">
    <metrics statements="36" coveredstatements="30" conditionals="12" coveredconditionals="12" methods="9" coveredmethods="8" elements="57" coveredelements="50" complexity="0" loc="36" ncloc="36" packages="1" files="1" classes="1"/>
    <file name="linkedLists.js" path="/Users/owner/Desktop/Algorithms-and-dataStructures/algorythims&datastructures-areLife/linkedLists/linkedLists.js">
      <metrics statements="36" coveredstatements="30" conditionals="12" coveredconditionals="12" methods="9" coveredmethods="8"/>
      <line num="3" count="14" type="stmt"/>
      <line num="4" count="14" type="stmt"/>
      <line num="9" count="36" type="stmt"/>
      <line num="10" count="36" type="stmt"/>
      <line num="11" count="36" type="stmt"/>
      <line num="15" count="12" type="cond" truecount="4" falsecount="0"/>
      <line num="17" count="6" type="stmt"/>
      <line num="18" count="6" type="stmt"/>
      <line num="19" count="7" type="stmt"/>
      <line num="21" count="6" type="stmt"/>
      <line num="25" count="4" type="cond" truecount="2" falsecount="0"/>
      <line num="27" count="3" type="stmt"/>
      <line num="28" count="3" type="cond" truecount="2" falsecount="0"/>
      <line num="30" count="1" type="stmt"/>
      <line num="31" count="1" type="stmt"/>
      <line num="35" count="2" type="stmt"/>
      <line num="36" count="2" type="stmt"/>
      <line num="40" count="4" type="cond" truecount="2" falsecount="0"/>
      <line num="42" count="3" type="stmt"/>
      <line num="43" count="3" type="cond" truecount="2" falsecount="0"/>
      <line num="45" count="1" type="stmt"/>
      <line num="46" count="1" type="stmt"/>
      <line num="50" count="0" type="stmt"/>
      <line num="51" count="0" type="stmt"/>
      <line num="52" count="0" type="stmt"/>
      <line num="53" count="0" type="stmt"/>
      <line num="54" count="0" type="stmt"/>
      <line num="56" count="0" type="stmt"/>
      <line num="62" count="37" type="stmt"/>
      <line num="63" count="37" type="stmt"/>
      <line num="67" count="1" type="stmt"/>
      <line num="68" count="13" type="stmt"/>
      <line num="69" count="13" type="stmt"/>
      <line num="70" count="33" type="stmt"/>
      <line num="72" count="13" type="stmt"/>
      <line num="75" count="1" type="stmt"/>
    </file>
  </project>
</coverage>
